<?xml version="1.0" encoding="UTF-8"?>
<!-- Generated by org.testng.reporters.JUnitReportReporter -->
<testsuite skipped="0" hostname="mickaeel" name="testcases.TC_002" tests="1" failures="0" timestamp="30 Jul 2017 01:23:25 GMT" time="2.983" errors="0">
  <testcase name="testcase1" time="2.983" classname="testcases.TC_002"/>
</testsuite> <!-- testcases.TC_002 -->
